Started GET "/" for 127.0.0.1 at 2017-04-26 16:17:28 -0400
Processing by ApplicationController#hello as HTML
  Rendering html template
  Rendered html template (0.0ms)
Completed 200 OK in 25ms (Views: 15.2ms | ActiveRecord: 0.0ms)


Started GET "/" for 127.0.0.1 at 2017-04-26 16:17:53 -0400
Started GET "/" for 127.0.0.1 at 2017-04-26 16:18:03 -0400
Processing by ApplicationController#goodbye as HTML
  Rendering html template
  Rendered html template (0.0ms)
Completed 200 OK in 1ms (Views: 0.6ms | ActiveRecord: 0.0ms)


Processing by ApplicationController#goodbye as HTML
Started GET "/" for 127.0.0.1 at 2017-04-26 16:18:03 -0400
Started GET "/" for 127.0.0.1 at 2017-04-26 16:18:03 -0400
Started GET "/" for 127.0.0.1 at 2017-04-26 16:18:03 -0400
  Rendering html template
Started GET "/" for 127.0.0.1 at 2017-04-26 16:18:03 -0400
Processing by ApplicationController#goodbye as HTML
Processing by ApplicationController#goodbye as HTML
Processing by ApplicationController#goodbye as HTML
  Rendered html template (0.0ms)
Processing by ApplicationController#goodbye as HTML
  Rendering html template
  Rendering html template
  Rendering html template
Completed 200 OK in 6ms (Views: 5.5ms | ActiveRecord: 0.0ms)


  Rendering html template
  Rendered html template (0.0ms)
  Rendered html template (0.0ms)
  Rendered html template (0.0ms)
  Rendered html template (0.0ms)
Completed 200 OK in 2ms (Views: 2.0ms | ActiveRecord: 0.0ms)


Completed 200 OK in 2ms (Views: 2.1ms | ActiveRecord: 0.0ms)


Completed 200 OK in 2ms (Views: 1.9ms | ActiveRecord: 0.0ms)


Completed 200 OK in 2ms (Views: 1.7ms | ActiveRecord: 0.0ms)


Started GET "/" for 127.0.0.1 at 2017-04-26 16:18:05 -0400
Processing by ApplicationController#goodbye as HTML
  Rendering html template
  Rendered html template (0.0ms)
Completed 200 OK in 1ms (Views: 0.6ms | ActiveRecord: 0.0ms)


